<?xml version="1.0" encoding="UTF-8"?>
<!-- Generated by org.testng.reporters.JUnitReportReporter -->
<testsuite hostname="DESKTOP-8R51UBR" failures="0" tests="1" name="com.api.tests.LoginTest" time="3.584" errors="0" timestamp="2025-01-26T09:56:19 IST" skipped="0">
  <testcase classname="com.api.tests.LoginTest" name="loginTest" time="3.584"/>
  <system-out/>
</testsuite> <!-- com.api.tests.LoginTest -->
