<?xml version="1.0" encoding="UTF-8"?>
<!-- Generated by org.testng.reporters.JUnitReportReporter -->
<testsuite hostname="DESKTOP-8R51UBR" failures="0" tests="3" name="com.api.tests.UserManagementTest" time="1.056" errors="0" timestamp="2025-02-02T08:06:42 IST" skipped="0">
  <testcase classname="com.api.tests.UserManagementTest" name="getSingleUser" time="0.194"/>
  <system-out/>
  <testcase classname="com.api.tests.UserManagementTest" name="deleteSingleUser" time="0.457"/>
  <system-out/>
  <testcase classname="com.api.tests.UserManagementTest" name="updateSingleUser" time="0.405"/>
  <system-out/>
</testsuite> <!-- com.api.tests.UserManagementTest -->
