<?xml version="1.0" encoding="UTF-8"?>
<!-- Generated by org.testng.reporters.JUnitReportReporter -->
<testsuite hostname="DESKTOP-8R51UBR" failures="0" tests="2" name="com.api.tests.UserManagementTest" time="1.139" errors="0" timestamp="2025-01-28T10:19:01 IST" skipped="0">
  <testcase classname="com.api.tests.UserManagementTest" name="getSingleUser" time="0.519"/>
  <system-out/>
  <testcase classname="com.api.tests.UserManagementTest" name="updateSingleUser" time="0.620"/>
  <system-out/>
</testsuite> <!-- com.api.tests.UserManagementTest -->
