<?xml version="1.0" encoding="UTF-8"?>
<!-- Generated by org.testng.reporters.JUnitReportReporter -->
<testsuite hostname="DESKTOP-8R51UBR" failures="0" tests="1" name="com.api.tests.LoginTest" time="3.884" errors="0" timestamp="2025-01-27T07:29:56 IST" skipped="0">
  <testcase classname="com.api.tests.LoginTest" name="testUserLogin" time="3.884"/>
  <system-out/>
</testsuite> <!-- com.api.tests.LoginTest -->
