<?xml version="1.0" encoding="UTF-8"?>
<!-- Generated by org.testng.reporters.JUnitReportReporter -->
<testsuite hostname="DESKTOP-8R51UBR" failures="0" tests="1" name="com.api.tests.UserManagementTest" time="3.232" errors="0" timestamp="2025-01-27T10:25:52 IST" skipped="0">
  <testcase classname="com.api.tests.UserManagementTest" name="getSingleUser" time="3.232"/>
  <system-out/>
</testsuite> <!-- com.api.tests.UserManagementTest -->
