<?xml version="1.0" encoding="UTF-8"?>
<!-- Generated by org.testng.reporters.JUnitReportReporter -->
<testsuite hostname="DESKTOP-8R51UBR" failures="0" tests="2" name="com.api.tests.RegisterTest" time="1.718" errors="0" timestamp="2025-01-28T10:19:01 IST" skipped="0">
  <testcase classname="com.api.tests.RegisterTest" name="testUserInvalidRegistration" time="0.896"/>
  <system-out/>
  <testcase classname="com.api.tests.RegisterTest" name="testUserRegistration" time="0.822"/>
  <system-out/>
</testsuite> <!-- com.api.tests.RegisterTest -->
