<?xml version="1.0" encoding="UTF-8"?>
<!-- Generated by org.testng.reporters.JUnitReportReporter -->
<testsuite hostname="DESKTOP-8R51UBR" failures="0" tests="1" name="com.api.tests.GetUserTest" time="2.715" errors="0" timestamp="2025-01-27T09:59:35 IST" skipped="0">
  <testcase classname="com.api.tests.GetUserTest" name="getSingleUser" time="2.715"/>
  <system-out/>
</testsuite> <!-- com.api.tests.GetUserTest -->
