<?xml version="1.0" encoding="UTF-8"?>
<!-- Generated by org.testng.reporters.JUnitReportReporter -->
<testsuite hostname="DESKTOP-8R51UBR" failures="0" tests="2" name="com.api.tests.UserManagementTest" time="0.544" errors="0" timestamp="2025-01-29T09:17:57 IST" skipped="0">
  <testcase classname="com.api.tests.UserManagementTest" name="updateSingleUser" time="0.402"/>
  <system-out/>
  <testcase classname="com.api.tests.UserManagementTest" name="getSingleUser" time="0.142"/>
  <system-out/>
</testsuite> <!-- com.api.tests.UserManagementTest -->
