<?xml version="1.0" encoding="UTF-8"?>
<!-- Generated by org.testng.reporters.JUnitReportReporter -->
<testsuite hostname="DESKTOP-8R51UBR" failures="0" tests="1" name="com.api.tests.LoginTest" time="4.979" errors="0" timestamp="2025-01-26T05:24:59 IST" skipped="0">
  <testcase classname="com.api.tests.LoginTest" name="loginTest" time="4.979"/>
  <system-out/>
</testsuite> <!-- com.api.tests.LoginTest -->
