<?xml version="1.0" encoding="UTF-8"?>
<!-- Generated by org.testng.reporters.JUnitReportReporter -->
<testsuite hostname="DESKTOP-8R51UBR" failures="0" tests="2" name="com.api.tests.RegisterTest" time="0.790" errors="0" timestamp="2025-01-29T09:17:57 IST" skipped="0">
  <testcase classname="com.api.tests.RegisterTest" name="testUserRegistration" time="0.374"/>
  <system-out/>
  <testcase classname="com.api.tests.RegisterTest" name="testUserInvalidRegistration" time="0.416"/>
  <system-out/>
</testsuite> <!-- com.api.tests.RegisterTest -->
