<?xml version="1.0" encoding="UTF-8"?>
<!-- Generated by org.testng.reporters.JUnitReportReporter -->
<testsuite hostname="DESKTOP-8R51UBR" failures="0" tests="1" name="com.api.tests.RegisterTest" time="3.727" errors="0" timestamp="2025-01-27T07:30:30 IST" skipped="0">
  <testcase classname="com.api.tests.RegisterTest" name="testUserRegistration" time="3.727"/>
  <system-out/>
</testsuite> <!-- com.api.tests.RegisterTest -->
